29-05-2025 09:09:29.7880|ERROR|Service: RfpDocumentServiceImpl, Method: convertDocumentToPdfWithLibreOffice - An error occurred. Exception: Cannot run program "soffice" (in directory "\application\output"): CreateProcess error=2, The system cannot find the file specified, Stack Trace:
java.io.IOException: Cannot run program "soffice" (in directory "\application\output"): CreateProcess error=2, The system cannot find the file specified
	at java.base/java.lang.ProcessBuilder.start(ProcessBuilder.java:1170)
	at java.base/java.lang.ProcessBuilder.start(ProcessBuilder.java:1089)
	at com.sia.mire.rfp.service.impl.RfpDocumentServiceImpl.convertDocumentToPdfWithLibreOffice(RfpDocumentServiceImpl.java:379)
	at com.sia.mire.rfp.service.impl.RfpDocumentServiceImpl.mergeRfpDocumentsProdEnvironment(RfpDocumentServiceImpl.java:324)
	at com.sia.mire.rfp.service.impl.RfpDocumentServiceImpl.mergeRfpDocuments(RfpDocumentServiceImpl.java:128)
	at com.sia.mire.rfp.service.impl.RfpServiceImpl.lambda$uploadRfpV2$7(RfpServiceImpl.java:1550)
	at java.base/java.util.concurrent.ThreadPoolExecutor.runWorker(ThreadPoolExecutor.java:1144)
	at java.base/java.util.concurrent.ThreadPoolExecutor$Worker.run(ThreadPoolExecutor.java:642)
	at java.base/java.lang.Thread.run(Thread.java:1583)
Caused by: java.io.IOException: CreateProcess error=2, The system cannot find the file specified
	at java.base/java.lang.ProcessImpl.create(Native Method)
	at java.base/java.lang.ProcessImpl.<init>(ProcessImpl.java:506)
	at java.base/java.lang.ProcessImpl.start(ProcessImpl.java:159)
	at java.base/java.lang.ProcessBuilder.start(ProcessBuilder.java:1126)
	... 8 common frames omitted
29-05-2025 09:09:29.7930|ERROR|Exception in java.lang.ProcessBuilder.convertDocumentToPdfWithLibreOffice() at line 1170 with parameters [parameter1: C:\Users\yfourati\AppData\Local\Temp\1748524169731_Req.xlsx; parameter2: /application/output; ]: Cannot run program "soffice" (in directory "\application\output"): CreateProcess error=2, The system cannot find the file specified
29-05-2025 09:10:52.6050|ERROR|Service: RfpDocumentServiceImpl, Method: convertDocumentToPdfWithLibreOffice - An error occurred. Exception: Cannot run program "soffice" (in directory "C:\Users\yfourati\AppData\Local\Temp"): CreateProcess error=2, The system cannot find the file specified, Stack Trace:
java.io.IOException: Cannot run program "soffice" (in directory "C:\Users\yfourati\AppData\Local\Temp"): CreateProcess error=2, The system cannot find the file specified
	at java.base/java.lang.ProcessBuilder.start(ProcessBuilder.java:1170)
	at java.base/java.lang.ProcessBuilder.start(ProcessBuilder.java:1089)
	at com.sia.mire.rfp.service.impl.RfpDocumentServiceImpl.convertDocumentToPdfWithLibreOffice(RfpDocumentServiceImpl.java:379)
	at com.sia.mire.rfp.service.impl.RfpDocumentServiceImpl.mergeRfpDocumentsProdEnvironment(RfpDocumentServiceImpl.java:324)
	at com.sia.mire.rfp.service.impl.RfpDocumentServiceImpl.mergeRfpDocuments(RfpDocumentServiceImpl.java:128)
	at com.sia.mire.rfp.service.impl.RfpServiceImpl.lambda$uploadRfpV2$7(RfpServiceImpl.java:1550)
	at java.base/java.util.concurrent.ThreadPoolExecutor.runWorker(ThreadPoolExecutor.java:1144)
	at java.base/java.util.concurrent.ThreadPoolExecutor$Worker.run(ThreadPoolExecutor.java:642)
	at java.base/java.lang.Thread.run(Thread.java:1583)
Caused by: java.io.IOException: CreateProcess error=2, The system cannot find the file specified
	at java.base/java.lang.ProcessImpl.create(Native Method)
	at java.base/java.lang.ProcessImpl.<init>(ProcessImpl.java:506)
	at java.base/java.lang.ProcessImpl.start(ProcessImpl.java:159)
	at java.base/java.lang.ProcessBuilder.start(ProcessBuilder.java:1126)
	... 8 common frames omitted
29-05-2025 09:10:52.6080|ERROR|Exception in java.lang.ProcessBuilder.convertDocumentToPdfWithLibreOffice() at line 1170 with parameters [parameter1: C:\Users\yfourati\AppData\Local\Temp\1748524252570_Req.xlsx; parameter2: C:\Users\yfourati\AppData\Local\Temp\; ]: Cannot run program "soffice" (in directory "C:\Users\yfourati\AppData\Local\Temp"): CreateProcess error=2, The system cannot find the file specified
