29-05-2025 09:09:18.6410|INFO |Bootstrapping Spring Data JPA repositories in DEFAULT mode.
29-05-2025 09:09:18.9800|INFO |Finished Spring Data repository scanning in 338 ms. Found 64 JPA repository interfaces.
29-05-2025 09:09:19.2710|INFO |Tomcat initialized with port 8199 (http)
29-05-2025 09:09:19.2720|INFO |Starting service [Tomcat]
29-05-2025 09:09:19.2720|INFO |Starting Servlet engine: [Apache Tomcat/10.1.39]
29-05-2025 09:09:19.4250|INFO |At least one JAR was scanned for TLDs yet contained no TLDs. Enable debug logging for this logger for a complete list of JARs that were scanned but no TLDs were found in them. Skipping unneeded JARs during scanning can improve startup time and JSP compilation time.
29-05-2025 09:09:19.4310|INFO |Initializing Spring embedded WebApplicationContext
29-05-2025 09:09:19.4310|INFO |Root WebApplicationContext: initialization completed in 1710 ms
29-05-2025 09:09:19.6420|INFO |HHH000204: Processing PersistenceUnitInfo [name: default]
29-05-2025 09:09:19.6500|INFO |HHH000026: Second-level cache disabled
29-05-2025 09:09:19.6790|INFO |No LoadTimeWeaver setup: ignoring JPA class transformer
29-05-2025 09:09:19.6820|INFO |HHH10001005: Database info:
	Database JDBC URL [undefined/unknown]
	Database driver: undefined/unknown
	Database version: 12.0
	Autocommit mode: undefined/unknown
	Isolation level: <unknown>
	Minimum pool size: undefined/unknown
	Maximum pool size: undefined/unknown
29-05-2025 09:09:20.4460|INFO |HHH000489: No JTA platform available (set 'hibernate.transaction.jta.platform' to enable JTA platform integration)
29-05-2025 09:09:20.4470|INFO |Initialized JPA EntityManagerFactory for persistence unit 'default'
29-05-2025 09:09:22.3060|INFO |Exposing 2 endpoints beneath base path '/actuator'
29-05-2025 09:09:22.8520|INFO |LiveReload server is running on port 35729
29-05-2025 09:09:22.8850|INFO |Starting...
29-05-2025 09:09:22.8860|INFO |BrokerAvailabilityEvent[available=true, SimpleBrokerMessageHandler [org.springframework.messaging.simp.broker.DefaultSubscriptionRegistry@6c32f4bb]]
29-05-2025 09:09:22.8860|INFO |Started.
29-05-2025 09:09:22.8960|INFO |Tomcat started on port 8199 (http) with context path '/mire/api'
29-05-2025 09:09:22.9100|INFO |Condition evaluation unchanged
29-05-2025 09:09:22.9120|INFO |
----------------------------------------------------------
	Application 'Mire' is running! Access URLs:
	Local: 		http://localhost:8199/mire/api
	External: 	http://10.103.1.158:8199/mire/api
	Profile(s): 	[prod]
	Swagger Link: 	http://10.103.1.158:8199/mire/api/swagger-ui/index.html?configUrl=/mire/api/v3/api-docs/swagger-config 
----------------------------------------------------------
29-05-2025 09:09:25.7060|INFO |Initializing Spring DispatcherServlet 'dispatcherServlet'
29-05-2025 09:09:25.7170|INFO |Initializing Servlet 'dispatcherServlet'
29-05-2025 09:09:25.7190|INFO |Completed initialization in 2 ms
29-05-2025 09:09:26.2710|INFO |HikariCP - Starting...
29-05-2025 09:09:26.7850|INFO |HikariCP - Added connection org.postgresql.jdbc.PgConnection@4c89ccdc
29-05-2025 09:09:26.7860|INFO |HikariCP - Start completed.
29-05-2025 09:09:29.9790|INFO |Start creating bpm client. https://win-dev-30.siaaccess.com:9443
29-05-2025 09:09:29.9800|INFO |URL. https://win-dev-30.siaaccess.com:9443/rest/bpm/wle/v1
29-05-2025 09:09:29.9970|INFO |Bpm client created.
29-05-2025 09:09:30.0020|INFO |Prepared Request for uri: https://win-dev-30.siaaccess.com:9443/rest/bpm/wle/v1/exposed/process
29-05-2025 09:09:30.0020|INFO |HTTP Request headers: [Content-Type: application/json, Accept: application/json]
29-05-2025 09:09:30.2670|INFO |HTTP Response had a 200 status code.
29-05-2025 09:09:30.2670|INFO |Reason: OK
29-05-2025 09:09:30.3270|INFO |Prepared Request for uri: https://win-dev-30.siaaccess.com:9443/rest/bpm/wle/v1/process?action=start&bpdId=25.6e5a764f-5c4f-4a05-9fb9-ffa1732bee77&branchId=2063.f612731e-6516-4845-b5ab-58b69e2c1341&params=%7B%22rfpId%22%3A%221841%22%2C%22tenantId%22%3A%22tenant_app%22%7D
29-05-2025 09:09:30.3270|INFO |HTTP Request headers: [Content-Type: application/x-www-form-urlencoded, Accept: application/json]
29-05-2025 09:09:31.1330|INFO |HTTP Response had a 200 status code.
29-05-2025 09:09:31.1340|INFO |Reason: OK
29-05-2025 09:09:31.4020|INFO |Start creating bpm client. https://win-dev-30.siaaccess.com:9443
29-05-2025 09:09:31.4030|INFO |URL. https://win-dev-30.siaaccess.com:9443/rest/bpm/wle/v1
29-05-2025 09:09:31.4040|INFO |Bpm client created.
29-05-2025 09:09:31.4360|INFO |Prepared Request for uri: https://win-dev-30.siaaccess.com:9443/rest/bpm/wle/v1/process/3338
29-05-2025 09:09:31.4370|INFO |HTTP Request headers: [Content-Type: application/json, Accept: application/json]
29-05-2025 09:09:31.6240|INFO |HTTP Response had a 200 status code.
29-05-2025 09:09:31.6240|INFO |Reason: OK
29-05-2025 09:09:31.6510|INFO |Prepared Request for uri: https://win-dev-30.siaaccess.com:9443/rest/bpm/wle/v1/task/4628?action=start
29-05-2025 09:09:31.6510|INFO |HTTP Request headers: [Content-Type: application/x-www-form-urlencoded, Accept: application/json]
29-05-2025 09:09:31.7730|INFO |HTTP Response had a 200 status code.
29-05-2025 09:09:31.7730|INFO |Reason: OK
29-05-2025 09:09:31.7800|INFO |Prepared Request for uri: https://win-dev-30.siaaccess.com:9443/rest/bpm/wle/v1/task/4628?action=finish
29-05-2025 09:09:31.7800|INFO |HTTP Request headers: [Content-Type: application/x-www-form-urlencoded, Accept: application/json]
29-05-2025 09:09:31.9060|INFO |HTTP Response had a 200 status code.
29-05-2025 09:09:31.9060|INFO |Reason: OK
29-05-2025 09:09:31.9120|INFO |Prepared Request for uri: https://win-dev-30.siaaccess.com:9443/rest/bpm/wle/v1/process/3338
29-05-2025 09:09:31.9120|INFO |HTTP Request headers: [Content-Type: application/json, Accept: application/json]
29-05-2025 09:09:31.9740|INFO |HTTP Response had a 200 status code.
29-05-2025 09:09:31.9740|INFO |Reason: OK
29-05-2025 09:09:31.9830|INFO |Prepared Request for uri: https://win-dev-30.siaaccess.com:9443/rest/bpm/wle/v1/task/4630?action=start
29-05-2025 09:09:31.9830|INFO |HTTP Request headers: [Content-Type: application/x-www-form-urlencoded, Accept: application/json]
29-05-2025 09:10:22.8900|INFO |WebSocketSession[0 current WS(0)-HttpStream(0)-HttpPoll(0), 0 total, 0 closed abnormally (0 connect failure, 0 send limit, 0 transport error)], stompSubProtocol[processed CONNECT(0)-CONNECTED(0)-DISCONNECT(0)], stompBrokerRelay[null], inboundChannel[pool size = 0, active threads = 0, queued tasks = 0, completed tasks = 0], outboundChannel[pool size = 0, active threads = 0, queued tasks = 0, completed tasks = 0], sockJsScheduler[pool size = 8, active threads = 1, queued tasks = 2, completed tasks = 6]
29-05-2025 09:10:26.7060|INFO |Restarting due to 1 class path change (0 additions, 0 deletions, 1 modification)
29-05-2025 09:10:26.7090|INFO |Commencing graceful shutdown. Waiting for active requests to complete
29-05-2025 09:10:26.7160|INFO |Graceful shutdown complete
29-05-2025 09:10:26.7190|INFO |Stopping...
29-05-2025 09:10:26.7190|INFO |BrokerAvailabilityEvent[available=false, SimpleBrokerMessageHandler [org.springframework.messaging.simp.broker.DefaultSubscriptionRegistry@6c32f4bb]]
29-05-2025 09:10:26.7190|INFO |Stopped.
29-05-2025 09:10:26.7270|INFO |Closing JPA EntityManagerFactory for persistence unit 'default'
29-05-2025 09:10:26.7280|INFO |HikariCP - Shutdown initiated...
29-05-2025 09:10:26.8590|INFO |HikariCP - Shutdown completed.
29-05-2025 09:10:30.5360|INFO |The Class-Path manifest attribute in C:\Users\yfourati\.m2\repository\com\sun\xml\bind\jaxb-core\4.0.5\jaxb-core-4.0.5.jar referenced one or more files that do not exist: file:/C:/Users/yfourati/.m2/repository/com/sun/xml/bind/jaxb-core/4.0.5/jakarta.activation-api.jar,file:/C:/Users/yfourati/.m2/repository/com/sun/xml/bind/jaxb-core/4.0.5/jakarta.xml.bind-api.jar
29-05-2025 09:10:30.5370|INFO |The Class-Path manifest attribute in C:\Users\yfourati\.m2\repository\com\sun\xml\bind\jaxb-impl\4.0.5\jaxb-impl-4.0.5.jar referenced one or more files that do not exist: file:/C:/Users/yfourati/.m2/repository/com/sun/xml/bind/jaxb-impl/4.0.5/jaxb-core.jar,file:/C:/Users/yfourati/.m2/repository/com/sun/xml/bind/jaxb-impl/4.0.5/angus-activation.jar
29-05-2025 09:10:30.5380|INFO |The Class-Path manifest attribute in C:\Users\yfourati\.m2\repository\org\glassfish\jaxb\jaxb-runtime\2.3.1\jaxb-runtime-2.3.1.jar referenced one or more files that do not exist: file:/C:/Users/yfourati/.m2/repository/org/glassfish/jaxb/jaxb-runtime/2.3.1/jaxb-api-2.3.1.jar,file:/C:/Users/yfourati/.m2/repository/org/glassfish/jaxb/jaxb-runtime/2.3.1/txw2-2.3.1.jar,file:/C:/Users/yfourati/.m2/repository/org/glassfish/jaxb/jaxb-runtime/2.3.1/istack-commons-runtime-3.0.7.jar,file:/C:/Users/yfourati/.m2/repository/org/glassfish/jaxb/jaxb-runtime/2.3.1/stax-ex-1.8.jar,file:/C:/Users/yfourati/.m2/repository/org/glassfish/jaxb/jaxb-runtime/2.3.1/FastInfoset-1.2.15.jar,file:/C:/Users/yfourati/.m2/repository/org/glassfish/jaxb/jaxb-runtime/2.3.1/javax.activation-api-1.2.0.jar
29-05-2025 09:10:30.5380|INFO |Devtools property defaults active! Set 'spring.devtools.add-properties' to 'false' to disable
29-05-2025 09:10:30.5380|INFO |For additional web related logging consider setting the 'logging.level.web' property to 'DEBUG'
29-05-2025 09:10:32.7300|INFO |Bootstrapping Spring Data JPA repositories in DEFAULT mode.
29-05-2025 09:10:33.3310|INFO |Finished Spring Data repository scanning in 587 ms. Found 64 JPA repository interfaces.
29-05-2025 09:10:34.6690|INFO |Tomcat initialized with port 8199 (http)
29-05-2025 09:10:34.6830|INFO |Starting service [Tomcat]
29-05-2025 09:10:34.6840|INFO |Starting Servlet engine: [Apache Tomcat/10.1.39]
29-05-2025 09:10:34.9330|INFO |At least one JAR was scanned for TLDs yet contained no TLDs. Enable debug logging for this logger for a complete list of JARs that were scanned but no TLDs were found in them. Skipping unneeded JARs during scanning can improve startup time and JSP compilation time.
29-05-2025 09:10:34.9380|INFO |Initializing Spring embedded WebApplicationContext
29-05-2025 09:10:34.9390|INFO |Root WebApplicationContext: initialization completed in 4400 ms
29-05-2025 09:10:35.4120|INFO |HHH000204: Processing PersistenceUnitInfo [name: default]
29-05-2025 09:10:35.5060|INFO |HHH000412: Hibernate ORM core version 6.6.11.Final
29-05-2025 09:10:35.5580|INFO |HHH000026: Second-level cache disabled
29-05-2025 09:10:35.9410|INFO |No LoadTimeWeaver setup: ignoring JPA class transformer
29-05-2025 09:10:36.0090|INFO |HHH10001005: Database info:
	Database JDBC URL [undefined/unknown]
	Database driver: undefined/unknown
	Database version: 12.0
	Autocommit mode: undefined/unknown
	Isolation level: <unknown>
	Minimum pool size: undefined/unknown
	Maximum pool size: undefined/unknown
29-05-2025 09:10:38.2800|INFO |HHH000489: No JTA platform available (set 'hibernate.transaction.jta.platform' to enable JTA platform integration)
29-05-2025 09:10:38.2850|INFO |Initialized JPA EntityManagerFactory for persistence unit 'default'
29-05-2025 09:10:38.6600|INFO |Hibernate is in classpath; If applicable, HQL parser will be used.
29-05-2025 09:10:43.2270|INFO |Exposing 2 endpoints beneath base path '/actuator'
29-05-2025 09:10:44.2700|INFO |LiveReload server is running on port 35729
29-05-2025 09:10:44.3420|INFO |Starting...
29-05-2025 09:10:44.3430|INFO |BrokerAvailabilityEvent[available=true, SimpleBrokerMessageHandler [org.springframework.messaging.simp.broker.DefaultSubscriptionRegistry@1733536a]]
29-05-2025 09:10:44.3440|INFO |Started.
29-05-2025 09:10:44.3720|INFO |Tomcat started on port 8199 (http) with context path '/mire/api'
29-05-2025 09:10:44.4110|INFO |
----------------------------------------------------------
	Application 'Mire' is running! Access URLs:
	Local: 		http://localhost:8199/mire/api
	External: 	http://10.103.1.158:8199/mire/api
	Profile(s): 	[prod]
	Swagger Link: 	http://10.103.1.158:8199/mire/api/swagger-ui/index.html?configUrl=/mire/api/v3/api-docs/swagger-config 
----------------------------------------------------------
29-05-2025 09:10:47.5950|INFO |Initializing Spring DispatcherServlet 'dispatcherServlet'
29-05-2025 09:10:47.5960|INFO |Initializing Servlet 'dispatcherServlet'
29-05-2025 09:10:47.5990|INFO |Completed initialization in 2 ms
29-05-2025 09:10:48.4440|INFO |HikariCP - Starting...
29-05-2025 09:10:49.0520|INFO |HikariCP - Added connection org.postgresql.jdbc.PgConnection@1c3692b4
29-05-2025 09:10:49.0560|INFO |HikariCP - Start completed.
29-05-2025 09:10:52.7720|INFO |Start creating bpm client. https://win-dev-30.siaaccess.com:9443
29-05-2025 09:10:52.7730|INFO |URL. https://win-dev-30.siaaccess.com:9443/rest/bpm/wle/v1
29-05-2025 09:10:52.7900|INFO |Bpm client created.
29-05-2025 09:10:52.7940|INFO |Prepared Request for uri: https://win-dev-30.siaaccess.com:9443/rest/bpm/wle/v1/exposed/process
29-05-2025 09:10:52.7950|INFO |HTTP Request headers: [Content-Type: application/json, Accept: application/json]
29-05-2025 09:10:53.0290|INFO |HTTP Response had a 200 status code.
29-05-2025 09:10:53.0290|INFO |Reason: OK
29-05-2025 09:10:53.0680|INFO |Prepared Request for uri: https://win-dev-30.siaaccess.com:9443/rest/bpm/wle/v1/process?action=start&bpdId=25.6e5a764f-5c4f-4a05-9fb9-ffa1732bee77&branchId=2063.f612731e-6516-4845-b5ab-58b69e2c1341&params=%7B%22rfpId%22%3A%221842%22%2C%22tenantId%22%3A%22tenant_app%22%7D
29-05-2025 09:10:53.0680|INFO |HTTP Request headers: [Content-Type: application/x-www-form-urlencoded, Accept: application/json]
29-05-2025 09:10:53.3690|INFO |HTTP Response had a 200 status code.
29-05-2025 09:10:53.3690|INFO |Reason: OK
29-05-2025 09:10:53.6220|INFO |Start creating bpm client. https://win-dev-30.siaaccess.com:9443
29-05-2025 09:10:53.6230|INFO |URL. https://win-dev-30.siaaccess.com:9443/rest/bpm/wle/v1
29-05-2025 09:10:53.6230|INFO |Bpm client created.
29-05-2025 09:10:53.6510|INFO |Prepared Request for uri: https://win-dev-30.siaaccess.com:9443/rest/bpm/wle/v1/process/3339
29-05-2025 09:10:53.6510|INFO |HTTP Request headers: [Content-Type: application/json, Accept: application/json]
29-05-2025 09:10:53.7880|INFO |HTTP Response had a 200 status code.
29-05-2025 09:10:53.7880|INFO |Reason: OK
29-05-2025 09:10:53.8070|INFO |Prepared Request for uri: https://win-dev-30.siaaccess.com:9443/rest/bpm/wle/v1/task/4631?action=start
29-05-2025 09:10:53.8070|INFO |HTTP Request headers: [Content-Type: application/x-www-form-urlencoded, Accept: application/json]
29-05-2025 09:10:53.8940|INFO |HTTP Response had a 200 status code.
29-05-2025 09:10:53.8950|INFO |Reason: OK
29-05-2025 09:10:53.9000|INFO |Prepared Request for uri: https://win-dev-30.siaaccess.com:9443/rest/bpm/wle/v1/task/4631?action=finish
29-05-2025 09:10:53.9000|INFO |HTTP Request headers: [Content-Type: application/x-www-form-urlencoded, Accept: application/json]
29-05-2025 09:10:54.0200|INFO |HTTP Response had a 200 status code.
29-05-2025 09:10:54.0210|INFO |Reason: OK
29-05-2025 09:10:54.0250|INFO |Prepared Request for uri: https://win-dev-30.siaaccess.com:9443/rest/bpm/wle/v1/process/3339
29-05-2025 09:10:54.0260|INFO |HTTP Request headers: [Content-Type: application/json, Accept: application/json]
29-05-2025 09:10:54.1130|INFO |HTTP Response had a 200 status code.
29-05-2025 09:10:54.1130|INFO |Reason: OK
29-05-2025 09:10:54.1220|INFO |Prepared Request for uri: https://win-dev-30.siaaccess.com:9443/rest/bpm/wle/v1/task/4633?action=start
29-05-2025 09:10:54.1220|INFO |HTTP Request headers: [Content-Type: application/x-www-form-urlencoded, Accept: application/json]
29-05-2025 09:11:44.3210|INFO |WebSocketSession[0 current WS(0)-HttpStream(0)-HttpPoll(0), 0 total, 0 closed abnormally (0 connect failure, 0 send limit, 0 transport error)], stompSubProtocol[processed CONNECT(0)-CONNECTED(0)-DISCONNECT(0)], stompBrokerRelay[null], inboundChannel[pool size = 0, active threads = 0, queued tasks = 0, completed tasks = 0], outboundChannel[pool size = 0, active threads = 0, queued tasks = 0, completed tasks = 0], sockJsScheduler[pool size = 8, active threads = 1, queued tasks = 2, completed tasks = 6]
29-05-2025 09:13:18.3570|INFO |Restarting due to 1 class path change (0 additions, 0 deletions, 1 modification)
29-05-2025 09:13:18.3630|INFO |Commencing graceful shutdown. Waiting for active requests to complete
29-05-2025 09:13:18.3710|INFO |Graceful shutdown complete
29-05-2025 09:13:18.3740|INFO |Stopping...
29-05-2025 09:13:18.3740|INFO |BrokerAvailabilityEvent[available=false, SimpleBrokerMessageHandler [org.springframework.messaging.simp.broker.DefaultSubscriptionRegistry@1733536a]]
29-05-2025 09:13:18.3740|INFO |Stopped.
29-05-2025 09:13:18.3870|INFO |Closing JPA EntityManagerFactory for persistence unit 'default'
29-05-2025 09:13:18.3930|INFO |HikariCP - Shutdown initiated...
29-05-2025 09:13:18.5200|INFO |HikariCP - Shutdown completed.
29-05-2025 09:13:19.6210|INFO |Bootstrapping Spring Data JPA repositories in DEFAULT mode.
29-05-2025 09:13:19.9270|INFO |Finished Spring Data repository scanning in 304 ms. Found 64 JPA repository interfaces.
29-05-2025 09:13:23.8960|INFO |Tomcat initialized with port 8199 (http)
29-05-2025 09:13:23.8980|INFO |Starting service [Tomcat]
29-05-2025 09:13:23.8980|INFO |Starting Servlet engine: [Apache Tomcat/10.1.39]
29-05-2025 09:13:24.0490|INFO |At least one JAR was scanned for TLDs yet contained no TLDs. Enable debug logging for this logger for a complete list of JARs that were scanned but no TLDs were found in them. Skipping unneeded JARs during scanning can improve startup time and JSP compilation time.
29-05-2025 09:13:24.0490|INFO |Initializing Spring embedded WebApplicationContext
29-05-2025 09:13:24.0500|INFO |Root WebApplicationContext: initialization completed in 5335 ms
29-05-2025 09:13:24.2570|INFO |HHH000204: Processing PersistenceUnitInfo [name: default]
29-05-2025 09:13:24.2640|INFO |HHH000026: Second-level cache disabled
29-05-2025 09:13:24.2950|INFO |No LoadTimeWeaver setup: ignoring JPA class transformer
29-05-2025 09:13:24.2970|INFO |HHH10001005: Database info:
	Database JDBC URL [undefined/unknown]
	Database driver: undefined/unknown
	Database version: 12.0
	Autocommit mode: undefined/unknown
	Isolation level: <unknown>
	Minimum pool size: undefined/unknown
	Maximum pool size: undefined/unknown
29-05-2025 09:13:25.3130|INFO |HHH000489: No JTA platform available (set 'hibernate.transaction.jta.platform' to enable JTA platform integration)
29-05-2025 09:13:25.3130|INFO |Initialized JPA EntityManagerFactory for persistence unit 'default'
29-05-2025 09:13:27.1450|INFO |Exposing 2 endpoints beneath base path '/actuator'
29-05-2025 09:13:27.6240|INFO |LiveReload server is running on port 35729
29-05-2025 09:13:27.6600|INFO |Starting...
29-05-2025 09:13:27.6610|INFO |BrokerAvailabilityEvent[available=true, SimpleBrokerMessageHandler [org.springframework.messaging.simp.broker.DefaultSubscriptionRegistry@75034b02]]
29-05-2025 09:13:27.6610|INFO |Started.
29-05-2025 09:13:27.6660|INFO |Tomcat started on port 8199 (http) with context path '/mire/api'
29-05-2025 09:13:27.6850|INFO |Condition evaluation unchanged
29-05-2025 09:13:27.6870|INFO |
----------------------------------------------------------
	Application 'Mire' is running! Access URLs:
	Local: 		http://localhost:8199/mire/api
	External: 	http://10.103.1.158:8199/mire/api
	Profile(s): 	[prod]
	Swagger Link: 	http://10.103.1.158:8199/mire/api/swagger-ui/index.html?configUrl=/mire/api/v3/api-docs/swagger-config 
----------------------------------------------------------
29-05-2025 09:14:03.0790|INFO |Application shutdown requested.
29-05-2025 09:14:03.0820|INFO |Commencing graceful shutdown. Waiting for active requests to complete
29-05-2025 09:14:03.0890|INFO |Graceful shutdown complete
29-05-2025 09:14:03.0900|INFO |Stopping...
29-05-2025 09:14:03.0910|INFO |BrokerAvailabilityEvent[available=false, SimpleBrokerMessageHandler [org.springframework.messaging.simp.broker.DefaultSubscriptionRegistry@75034b02]]
29-05-2025 09:14:03.0910|INFO |Stopped.
29-05-2025 09:14:03.0980|INFO |Closing JPA EntityManagerFactory for persistence unit 'default'
